Server Start
Traceback (most recent call last):
  File "server_tornado.py", line 25, in <module>
    application.listen(server_http_port)
  File "/root/miniconda/envs/python3/lib/python3.6/site-packages/tornado/web.py", line 1943, in listen
    server.listen(port, address)
  File "/root/miniconda/envs/python3/lib/python3.6/site-packages/tornado/tcpserver.py", line 142, in listen
    sockets = bind_sockets(port, address=address)
  File "/root/miniconda/envs/python3/lib/python3.6/site-packages/tornado/netutil.py", line 197, in bind_sockets
    sock.bind(sockaddr)
OSError: [Errno 98] Address already in use
WARNING:root:总共：149IP可用
Server Start
Traceback (most recent call last):
  File "server_tornado.py", line 25, in <module>
    application.listen(server_http_port)
  File "/root/miniconda/envs/python3/lib/python3.6/site-packages/tornado/web.py", line 1943, in listen
    server.listen(port, address)
  File "/root/miniconda/envs/python3/lib/python3.6/site-packages/tornado/tcpserver.py", line 142, in listen
    sockets = bind_sockets(port, address=address)
  File "/root/miniconda/envs/python3/lib/python3.6/site-packages/tornado/netutil.py", line 197, in bind_sockets
    sock.bind(sockaddr)
OSError: [Errno 98] Address already in use
Server Start
Traceback (most recent call last):
  File "server_tornado.py", line 25, in <module>
    application.listen(server_http_port)
  File "/root/miniconda/envs/python3/lib/python3.6/site-packages/tornado/web.py", line 1943, in listen
    server.listen(port, address)
  File "/root/miniconda/envs/python3/lib/python3.6/site-packages/tornado/tcpserver.py", line 142, in listen
    sockets = bind_sockets(port, address=address)
  File "/root/miniconda/envs/python3/lib/python3.6/site-packages/tornado/netutil.py", line 197, in bind_sockets
    sock.bind(sockaddr)
OSError: [Errno 98] Address already in use
Get request:b'question.png'
Out :b'question.png'
已经收到图片，开始尝试获取结果 1515857866.0722077
尝试代理
hello
搜索中出现次数
紫荆 : 1
丁香 : 1
山茶花 : 0

尝试代理
尝试代理
尝试代理
尝试代理
尝试代理
尝试代理
尝试代理
尝试代理
搜索中出现次数
紫荆 : 9
丁香 : 4
山茶花 : 0

尝试代理
尝试代理
尝试代理
搜索中出现次数
紫荆 : 9
丁香 : 4
山茶花 : 0
搜索结果数
紫荆 : 6340
丁香 : 8
山茶花 : 0

已经收到结果删除图片 1515857870.3387969
Traceback (most recent call last):
  File "socket_server.py", line 32, in <module>
    server.serve_forever()
  File "/root/miniconda/envs/python3/lib/python3.6/socketserver.py", line 236, in serve_forever
    ready = selector.select(poll_interval)
  File "/root/miniconda/envs/python3/lib/python3.6/selectors.py", line 376, in select
    fd_event_list = self._poll.poll(timeout)
KeyboardInterrupt
WARNING:root:总共：148IP可用
WARNING:root:总共：148IP可用
WARNING:root:总共：148IP可用
WARNING:tornado.general:error on read: [Errno 113] No route to host
WARNING:tornado.access:404 GET /favicon.ico (183.251.22.99) 0.27ms
Get request:b'question.png'
Out :b'question.png'
已经收到图片，开始尝试获取结果 1515905977.6979895
尝试代理
尝试代理
尝试代理
尝试代理
尝试代理
尝试代理
尝试代理
尝试代理
hello
搜索中出现次数
》系列第几部 : 0
机》 : 0
3 : 22
搜索结果数
》系列第几部 : 44400
机》 : 39900
3 : 48400

尝试代理
尝试代理
尝试代理
尝试代理
尝试代理
尝试代理
尝试代理
尝试代理
搜索中出现次数
》系列第几部 : 0
机》 : 0
3 : 92
搜索结果数
》系列第几部 : 44400
机》 : 39900
3 : 48400

已经收到结果删除图片 1515905983.9975102
Get request:b'question.png'
Out :b'question.png'
已经收到图片，开始尝试获取结果 1515906284.7885711
尝试代理
尝试代理
尝试代理
尝试代理
不能获取代理内容
尝试代理
尝试代理
尝试代理
尝试代理
hello
搜索中出现次数
莫斯科 : 2
圣彼得堡 : 2
海参威 : 0
搜索结果数
莫斯科 : 992000
圣彼得堡 : 426000
海参威 : 99800

尝试代理
尝试代理
尝试代理
尝试代理
尝试代理
尝试代理
尝试代理
尝试代理
搜索中出现次数
莫斯科 : 6
圣彼得堡 : 3
海参威 : 0
搜索结果数
莫斯科 : 992000
圣彼得堡 : 426000
海参威 : 99800

已经收到结果删除图片 1515906292.1038
Get request:b'question.png'
Out :b'question.png'
已经收到图片，开始尝试获取结果 1515906337.2366767
尝试代理
尝试代理
尝试代理
尝试代理
不能获取代理内容
尝试代理
尝试代理
尝试代理
尝试代理
hello
搜索中出现次数
春分 : 0
秋分 : 0
白露 : 0
搜索结果数
春分 : 99
秋分 : 34100
白露 : 53400

尝试代理
尝试代理
尝试代理
尝试代理
尝试代理
尝试代理
尝试代理
尝试代理
搜索中出现次数
春分 : 0
秋分 : 0
白露 : 1
搜索结果数
春分 : 99
秋分 : 34100
白露 : 53400

已经收到结果删除图片 1515906343.9216738
Get request:b'question.png'
Out :b'question.png'
已经收到图片，开始尝试获取结果 1515906389.9028904
尝试代理
尝试代理
尝试代理
尝试代理
不能获取代理内容
尝试代理
尝试代理
尝试代理
尝试代理
hello
搜索中出现次数
蒙山大佛 : 2
八仙山大佛 : 0
乐山大佛 : 20
搜索结果数
蒙山大佛 : 3290
八仙山大佛 : 870
乐山大佛 : 34900

尝试代理
尝试代理
尝试代理
尝试代理
尝试代理
尝试代理
尝试代理
尝试代理
搜索中出现次数
蒙山大佛 : 4
八仙山大佛 : 0
乐山大佛 : 50
搜索结果数
蒙山大佛 : 3290
八仙山大佛 : 870
乐山大佛 : 34900

已经收到结果删除图片 1515906396.9096751
Get request:b'question.png'
Out :b'question.png'
已经收到图片，开始尝试获取结果 1515906455.7366252
尝试代理
尝试代理
尝试代理
尝试代理
尝试代理
尝试代理
尝试代理
尝试代理
hello
搜索中出现次数
四川 : 0
台湾 : 0
本 : 26
搜索结果数
四川 : 23300
台湾 : 40100
本 : 8140

尝试代理
尝试代理
尝试代理
尝试代理
尝试代理
尝试代理
尝试代理
尝试代理
搜索中出现次数
四川 : 0
台湾 : 7
本 : 78
搜索结果数
四川 : 23300
台湾 : 40100
本 : 8140

已经收到结果删除图片 1515906461.2284708
Get request:b'question.png'
Out :b'question.png'
已经收到图片，开始尝试获取结果 1515906507.2649899
尝试代理
尝试代理
尝试代理
尝试代理
尝试代理
尝试代理
尝试代理
尝试代理
hello
搜索中出现次数
银行家 : 0
会计师 : 0
律师 : 0
搜索结果数
银行家 : 0
会计师 : 0
律师 : 1

搜索中出现次数
银行家 : 0
会计师 : 0
律师 : 0
搜索结果数
银行家 : 0
会计师 : 0
律师 : 1

已经收到结果删除图片 1515906509.7834988
Get request:b'question.png'
Out :b'question.png'
已经收到图片，开始尝试获取结果 1515906566.7198198
尝试代理
尝试代理
尝试代理
尝试代理
不能获取代理内容
不能获取代理内容
尝试代理
尝试代理
尝试代理
尝试代理
hello
搜索中出现次数
3年 : 2
4年 : 2
5年 : 10
搜索结果数
3年 : 14300000
4年 : 14400000
5年 : 14400000

尝试代理
尝试代理
尝试代理
尝试代理
尝试代理
尝试代理
尝试代理
尝试代理
搜索中出现次数
3年 : 5
4年 : 17
5年 : 34
搜索结果数
3年 : 14300000
4年 : 14400000
5年 : 14400000

已经收到结果删除图片 1515906574.0391355
Get request:b'question.png'
Out :b'question.png'
已经收到图片，开始尝试获取结果 1515906635.6882021
尝试代理
尝试代理
尝试代理
尝试代理
不能获取代理内容
尝试代理
尝试代理
尝试代理
尝试代理
hello
搜索中出现次数
优势 : 22
劣势 : 10
机会 : 10
搜索结果数
优势 : 57100
劣势 : 46200
机会 : 53200

尝试代理
尝试代理
尝试代理
尝试代理
尝试代理
尝试代理
尝试代理
尝试代理
搜索中出现次数
优势 : 71
劣势 : 49
机会 : 37
搜索结果数
优势 : 57100
劣势 : 46200
机会 : 53200

已经收到结果删除图片 1515906642.2996752
Get request:b'question.png'
Out :b'question.png'
已经收到图片，开始尝试获取结果 1515906693.3203275
尝试代理
尝试代理
尝试代理
尝试代理
尝试代理
尝试代理
尝试代理
尝试代理
hello
搜索中出现次数
岳飞 : 2
祖拟 : 0
郑成功 : 0
搜索结果数
岳飞 : 327000
祖拟 : 74700
郑成功 : 73000

尝试代理
尝试代理
尝试代理
尝试代理
尝试代理
尝试代理
尝试代理
尝试代理
搜索中出现次数
岳飞 : 6
祖拟 : 0
郑成功 : 1
搜索结果数
岳飞 : 327000
祖拟 : 74700
郑成功 : 73000

已经收到结果删除图片 1515906698.5252974
Get request:b'question.png'
Out :b'question.png'
已经收到图片，开始尝试获取结果 1515906754.9794807
尝试代理
尝试代理
尝试代理
尝试代理
尝试代理
尝试代理
尝试代理
尝试代理
hello
搜索中出现次数
废水、塑料、化学废品 : 0
水、废气、固体废弃物 : 4
废纸、废电池、废气 : 0
搜索结果数
废水、塑料、化学废品 : 29100
水、废气、固体废弃物 : 278000
废纸、废电池、废气 : 26700

尝试代理
尝试代理
尝试代理
尝试代理
尝试代理
尝试代理
尝试代理
尝试代理
搜索中出现次数
废水、塑料、化学废品 : 0
水、废气、固体废弃物 : 12
废纸、废电池、废气 : 0
搜索结果数
废水、塑料、化学废品 : 29100
水、废气、固体废弃物 : 278000
废纸、废电池、废气 : 26700

已经收到结果删除图片 1515906761.518485
Get request:b'question.png'
Out :b'question.png'
已经收到图片，开始尝试获取结果 1515906815.2874207
尝试代理
尝试代理
尝试代理
尝试代理
不能获取代理内容
尝试代理
尝试代理
尝试代理
尝试代理
hello
搜索中出现次数
白居易 : 2
苏轴 : 0
李清照 : 4
搜索结果数
白居易 : 4940
苏轴 : 46
李清照 : 5070

尝试代理
尝试代理
尝试代理
尝试代理
尝试代理
尝试代理
尝试代理
尝试代理
搜索中出现次数
白居易 : 2
苏轴 : 0
李清照 : 20
搜索结果数
白居易 : 4940
苏轴 : 46
李清照 : 5070

已经收到结果删除图片 1515906822.7986202
Get request:b'question.png'
Out :b'question.png'
已经收到图片，开始尝试获取结果 1515906873.3192043
尝试代理
尝试代理
尝试代理
尝试代理
尝试代理
尝试代理
尝试代理
尝试代理
hello
搜索中出现次数
冰岛 : 0
挪威 : 42
芬兰 : 0
搜索结果数
冰岛 : 15600
挪威 : 18300
芬兰 : 16400

尝试代理
尝试代理
尝试代理
尝试代理
尝试代理
尝试代理
尝试代理
尝试代理
搜索中出现次数
冰岛 : 9
挪威 : 161
芬兰 : 9
搜索结果数
冰岛 : 15600
挪威 : 18300
芬兰 : 16400

已经收到结果删除图片 1515906879.2397933
Get request:b'question.png'
Out :b'question.png'
已经收到图片，开始尝试获取结果 1515906950.1900585
尝试代理
尝试代理
尝试代理
尝试代理
尝试代理
尝试代理
尝试代理
尝试代理
hello
搜索中出现次数
2届 : 2
3届 : 0
4届 : 0
搜索结果数
2届 : 228000
3届 : 237000
4届 : 236000
WARNING:tornado.general:error on read: [Errno 113] No route to host
WARNING:tornado.general:error on read: [Errno 113] No route to host
WARNING:tornado.access:404 GET /phpmyadmin/scripts/setup.php (191.96.249.136) 0.41ms
WARNING:tornado.access:404 GET /wls-wsat/CoordinatorPortType (140.205.201.36) 0.29ms
WARNING:tornado.access:404 GET /favicon.ico (183.251.22.99) 0.29ms
WARNING:tornado.access:404 GET /master-status (140.205.201.36) 0.29ms
WARNING:tornado.access:404 GET /phpmyadmin/ (140.205.201.36) 0.28ms
WARNING:tornado.access:404 POST /phpmyadmin/ (140.205.201.36) 2.18ms
WARNING:tornado.access:404 GET /phpmyadmin/ (140.205.201.36) 0.28ms
WARNING:tornado.access:404 POST /phpmyadmin/ (140.205.201.36) 2.81ms
WARNING:tornado.access:404 GET /phpmyadmin/ (140.205.201.36) 0.25ms
WARNING:tornado.access:404 POST /phpmyadmin/ (140.205.201.36) 2.16ms
WARNING:tornado.access:404 GET /phpmyadmin/ (140.205.201.36) 0.25ms
WARNING:tornado.access:404 POST /phpmyadmin/ (140.205.201.36) 2.24ms
WARNING:tornado.access:404 GET /phpmyadmin/ (140.205.201.36) 0.25ms
WARNING:tornado.access:404 POST /phpmyadmin/ (140.205.201.36) 2.85ms
WARNING:tornado.access:404 GET /phpmyadmin/ (140.205.201.36) 0.24ms
WARNING:tornado.access:404 POST /phpmyadmin/ (140.205.201.36) 2.52ms
WARNING:tornado.access:404 GET /phpmyadmin/ (140.205.201.36) 0.33ms
WARNING:tornado.access:404 POST /phpmyadmin/ (140.205.201.36) 2.30ms
WARNING:tornado.access:404 GET /phpmyadmin/ (140.205.201.36) 0.24ms
WARNING:tornado.access:404 POST /phpmyadmin/ (140.205.201.36) 2.50ms
WARNING:tornado.access:404 GET /phpmyadmin/ (140.205.201.36) 0.24ms
WARNING:tornado.access:404 POST /phpmyadmin/ (140.205.201.36) 2.34ms
WARNING:tornado.access:404 GET /phpmyadmin/ (140.205.201.36) 0.25ms
WARNING:tornado.access:404 POST /phpmyadmin/ (140.205.201.36) 2.49ms
WARNING:tornado.access:404 GET /rs-status (140.205.201.36) 0.28ms
WARNING:tornado.access:404 GET /ganglia/index.php (140.205.201.36) 0.50ms
WARNING:tornado.access:404 GET /index.php (140.205.201.36) 0.26ms
WARNING:tornado.access:404 GET http://www.baidu.com/cache/global/img/gs.gif (80.82.78.50) 0.29ms
WARNING:tornado.access:404 GET /jobs/ (140.205.201.36) 0.27ms
WARNING:tornado.access:404 POST /mjgdkozaybtq (140.205.201.36) 2.47ms
WARNING:tornado.access:404 GET /mjgdkozaybtq (140.205.201.36) 0.32ms
WARNING:tornado.access:404 DELETE /mjgdkozaybtq (140.205.201.36) 0.30ms
WARNING:tornado.general:error on read: [Errno 113] No route to host
WARNING:tornado.access:404 GET http://www.baidu.com/cache/global/img/gs.gif (94.102.49.174) 0.27ms
WARNING:root:总共：149IP可用
